<?xml version="1.0" encoding="UTF-8"?>
<!-- Generated by org.testng.reporters.JUnitReportReporter -->
<testsuite hostname="LAPTOP-GUGK01O4" failures="0" tests="1" name="com.qa.selenium.AlertHandling" time="7.493" errors="0" timestamp="2025-08-04T22:51:26 IST" skipped="0">
  <testcase classname="com.qa.selenium.AlertHandling" name="Actions" time="7.493"/>
</testsuite> <!-- com.qa.selenium.AlertHandling -->
