<?xml version="1.0" encoding="UTF-8"?>
<!-- Generated by org.testng.reporters.JUnitReportReporter -->
<testsuite hostname="LAPTOP-GUGK01O4" failures="0" tests="1" name="com.qa.selenium.BrokenLinks" time="18.282" errors="0" timestamp="2025-08-06T21:53:15 IST" skipped="0">
  <testcase classname="com.qa.selenium.BrokenLinks" name="browserlinks" time="18.282"/>
</testsuite> <!-- com.qa.selenium.BrokenLinks -->
